<?xml version="1.0" encoding="UTF-8"?>
<!-- Generated by org.testng.reporters.JUnitReportReporter -->
<testsuite hostname="LAPTOP-IKS9SD1L" failures="0" tests="2" name="testcases.LoginTest" time="3.546" errors="0" timestamp="02 Aug 2022 15:10:11 GMT" skipped="0">
  <testcase classname="testcases.LoginTest" name="LoginsAsManager" time="3.105"/>
  <testcase classname="testcases.LoginTest" name="LoginsAsMember" time="0.441"/>
</testsuite> <!-- testcases.LoginTest -->
