<?xml version="1.0" encoding="UTF-8"?>
<!-- Generated by org.testng.reporters.JUnitReportReporter -->
<testsuite hostname="LAPTOP-IKS9SD1L" failures="0" tests="9" name="testcases.addCustomerTest" time="8.303" errors="0" timestamp="02 Aug 2022 15:10:11 GMT" skipped="1">
  <testcase classname="testcases.addCustomerTest" name="addCustomerTest" time="1.142"/>
  <testcase classname="testcases.addCustomerTest" name="addCustomerTest" time="0.969"/>
  <testcase classname="testcases.addCustomerTest" name="addCustomerTest" time="0.843"/>
  <testcase classname="testcases.addCustomerTest" name="addCustomerTest" time="1.186"/>
  <testcase classname="testcases.addCustomerTest" name="addCustomerTest" time="0.966"/>
  <testcase classname="testcases.addCustomerTest" name="addCustomerTest" time="1.083"/>
  <testcase classname="testcases.addCustomerTest" name="addCustomerTest" time="1.060"/>
  <testcase classname="testcases.addCustomerTest" name="addCustomerTest" time="1.029"/>
  <testcase classname="testcases.addCustomerTest" name="screenshotValidationAmeo" time="0.025">
    <skipped/>
  </testcase> <!-- screenshotValidationAmeo -->
</testsuite> <!-- testcases.addCustomerTest -->
